<?xml version="1.0" encoding="UTF-8"?>
<!-- Generated by org.testng.reporters.JUnitReportReporter -->
<testsuite hostname="Revature" name="com.capital.one.testsuites.MercuryLoginSuite" tests="2" failures="0" timestamp="26 Oct 2017 18:19:48 GMT" time="4.810" errors="0">
  <testcase name="validateLandingPage" time="0.016" classname="com.capital.one.testsuites.MercuryLoginSuite"/>
  <testcase name="loginMercury" time="4.794" classname="com.capital.one.testsuites.MercuryLoginSuite"/>
</testsuite> <!-- com.capital.one.testsuites.MercuryLoginSuite -->
